running egg_info
writing build/study_pkg/study_pkg.egg-info/PKG-INFO
writing dependency_links to build/study_pkg/study_pkg.egg-info/dependency_links.txt
writing entry points to build/study_pkg/study_pkg.egg-info/entry_points.txt
writing requirements to build/study_pkg/study_pkg.egg-info/requires.txt
writing top-level names to build/study_pkg/study_pkg.egg-info/top_level.txt
reading manifest file 'build/study_pkg/study_pkg.egg-info/SOURCES.txt'
writing manifest file 'build/study_pkg/study_pkg.egg-info/SOURCES.txt'
running build
running build_py
running install
running install_lib
running install_data
running install_egg_info
removing '/home/ilya3/ros2_ws/src/study_pkg/install/study_pkg/lib/python3.12/site-packages/study_pkg-0.0.0-py3.12.egg-info' (and everything under it)
Copying build/study_pkg/study_pkg.egg-info to /home/ilya3/ros2_ws/src/study_pkg/install/study_pkg/lib/python3.12/site-packages/study_pkg-0.0.0-py3.12.egg-info
running install_scripts
Installing even_number_publisher script to /home/ilya3/ros2_ws/src/study_pkg/install/study_pkg/lib/study_pkg
Installing first_node script to /home/ilya3/ros2_ws/src/study_pkg/install/study_pkg/lib/study_pkg
Installing listener script to /home/ilya3/ros2_ws/src/study_pkg/install/study_pkg/lib/study_pkg
Installing overflow_listener script to /home/ilya3/ros2_ws/src/study_pkg/install/study_pkg/lib/study_pkg
Installing talker script to /home/ilya3/ros2_ws/src/study_pkg/install/study_pkg/lib/study_pkg
Installing time_printer script to /home/ilya3/ros2_ws/src/study_pkg/install/study_pkg/lib/study_pkg
writing list of installed files to '/home/ilya3/ros2_ws/src/study_pkg/build/study_pkg/install.log'
