running egg_info
creating build/study_pkg/study_pkg.egg-info
writing build/study_pkg/study_pkg.egg-info/PKG-INFO
writing dependency_links to build/study_pkg/study_pkg.egg-info/dependency_links.txt
writing entry points to build/study_pkg/study_pkg.egg-info/entry_points.txt
writing requirements to build/study_pkg/study_pkg.egg-info/requires.txt
writing top-level names to build/study_pkg/study_pkg.egg-info/top_level.txt
writing manifest file 'build/study_pkg/study_pkg.egg-info/SOURCES.txt'
reading manifest file 'build/study_pkg/study_pkg.egg-info/SOURCES.txt'
writing manifest file 'build/study_pkg/study_pkg.egg-info/SOURCES.txt'
running build
running build_py
creating /home/ilya3/ros2_ws/src/study_pkg/build/study_pkg/build
creating /home/ilya3/ros2_ws/src/study_pkg/build/study_pkg/build/lib
creating /home/ilya3/ros2_ws/src/study_pkg/build/study_pkg/build/lib/study_pkg
copying study_pkg/even_number_publisher.py -> /home/ilya3/ros2_ws/src/study_pkg/build/study_pkg/build/lib/study_pkg
copying study_pkg/first_node.py -> /home/ilya3/ros2_ws/src/study_pkg/build/study_pkg/build/lib/study_pkg
copying study_pkg/listener.py -> /home/ilya3/ros2_ws/src/study_pkg/build/study_pkg/build/lib/study_pkg
copying study_pkg/time_printer.py -> /home/ilya3/ros2_ws/src/study_pkg/build/study_pkg/build/lib/study_pkg
copying study_pkg/__init__.py -> /home/ilya3/ros2_ws/src/study_pkg/build/study_pkg/build/lib/study_pkg
copying study_pkg/talker.py -> /home/ilya3/ros2_ws/src/study_pkg/build/study_pkg/build/lib/study_pkg
running install
running install_lib
creating /home/ilya3/ros2_ws/src/study_pkg/install/study_pkg/lib/python3.12/site-packages/study_pkg
copying /home/ilya3/ros2_ws/src/study_pkg/build/study_pkg/build/lib/study_pkg/even_number_publisher.py -> /home/ilya3/ros2_ws/src/study_pkg/install/study_pkg/lib/python3.12/site-packages/study_pkg
copying /home/ilya3/ros2_ws/src/study_pkg/build/study_pkg/build/lib/study_pkg/first_node.py -> /home/ilya3/ros2_ws/src/study_pkg/install/study_pkg/lib/python3.12/site-packages/study_pkg
copying /home/ilya3/ros2_ws/src/study_pkg/build/study_pkg/build/lib/study_pkg/listener.py -> /home/ilya3/ros2_ws/src/study_pkg/install/study_pkg/lib/python3.12/site-packages/study_pkg
copying /home/ilya3/ros2_ws/src/study_pkg/build/study_pkg/build/lib/study_pkg/time_printer.py -> /home/ilya3/ros2_ws/src/study_pkg/install/study_pkg/lib/python3.12/site-packages/study_pkg
copying /home/ilya3/ros2_ws/src/study_pkg/build/study_pkg/build/lib/study_pkg/__init__.py -> /home/ilya3/ros2_ws/src/study_pkg/install/study_pkg/lib/python3.12/site-packages/study_pkg
copying /home/ilya3/ros2_ws/src/study_pkg/build/study_pkg/build/lib/study_pkg/talker.py -> /home/ilya3/ros2_ws/src/study_pkg/install/study_pkg/lib/python3.12/site-packages/study_pkg
byte-compiling /home/ilya3/ros2_ws/src/study_pkg/install/study_pkg/lib/python3.12/site-packages/study_pkg/even_number_publisher.py to even_number_publisher.cpython-312.pyc
byte-compiling /home/ilya3/ros2_ws/src/study_pkg/install/study_pkg/lib/python3.12/site-packages/study_pkg/first_node.py to first_node.cpython-312.pyc
byte-compiling /home/ilya3/ros2_ws/src/study_pkg/install/study_pkg/lib/python3.12/site-packages/study_pkg/listener.py to listener.cpython-312.pyc
byte-compiling /home/ilya3/ros2_ws/src/study_pkg/install/study_pkg/lib/python3.12/site-packages/study_pkg/time_printer.py to time_printer.cpython-312.pyc
byte-compiling /home/ilya3/ros2_ws/src/study_pkg/install/study_pkg/lib/python3.12/site-packages/study_pkg/__init__.py to __init__.cpython-312.pyc
byte-compiling /home/ilya3/ros2_ws/src/study_pkg/install/study_pkg/lib/python3.12/site-packages/study_pkg/talker.py to talker.cpython-312.pyc
running install_data
creating /home/ilya3/ros2_ws/src/study_pkg/install/study_pkg/share/ament_index
creating /home/ilya3/ros2_ws/src/study_pkg/install/study_pkg/share/ament_index/resource_index
creating /home/ilya3/ros2_ws/src/study_pkg/install/study_pkg/share/ament_index/resource_index/packages
copying resource/study_pkg -> /home/ilya3/ros2_ws/src/study_pkg/install/study_pkg/share/ament_index/resource_index/packages
copying package.xml -> /home/ilya3/ros2_ws/src/study_pkg/install/study_pkg/share/study_pkg
running install_egg_info
Copying build/study_pkg/study_pkg.egg-info to /home/ilya3/ros2_ws/src/study_pkg/install/study_pkg/lib/python3.12/site-packages/study_pkg-0.0.0-py3.12.egg-info
running install_scripts
Installing first_node script to /home/ilya3/ros2_ws/src/study_pkg/install/study_pkg/lib/study_pkg
Installing listener script to /home/ilya3/ros2_ws/src/study_pkg/install/study_pkg/lib/study_pkg
Installing talker script to /home/ilya3/ros2_ws/src/study_pkg/install/study_pkg/lib/study_pkg
Installing time_printer script to /home/ilya3/ros2_ws/src/study_pkg/install/study_pkg/lib/study_pkg
writing list of installed files to '/home/ilya3/ros2_ws/src/study_pkg/build/study_pkg/install.log'
