/home/ilya3/ros2_ws/src/study_pkg/install/study_pkg/lib/python3.12/site-packages/study_pkg/even_number_publisher.py
/home/ilya3/ros2_ws/src/study_pkg/install/study_pkg/lib/python3.12/site-packages/study_pkg/overflow_listener.py
/home/ilya3/ros2_ws/src/study_pkg/install/study_pkg/lib/python3.12/site-packages/study_pkg/first_node.py
/home/ilya3/ros2_ws/src/study_pkg/install/study_pkg/lib/python3.12/site-packages/study_pkg/listener.py
/home/ilya3/ros2_ws/src/study_pkg/install/study_pkg/lib/python3.12/site-packages/study_pkg/time_printer.py
/home/ilya3/ros2_ws/src/study_pkg/install/study_pkg/lib/python3.12/site-packages/study_pkg/__init__.py
/home/ilya3/ros2_ws/src/study_pkg/install/study_pkg/lib/python3.12/site-packages/study_pkg/talker.py
/home/ilya3/ros2_ws/src/study_pkg/install/study_pkg/lib/python3.12/site-packages/study_pkg/__pycache__/even_number_publisher.cpython-312.pyc
/home/ilya3/ros2_ws/src/study_pkg/install/study_pkg/lib/python3.12/site-packages/study_pkg/__pycache__/overflow_listener.cpython-312.pyc
/home/ilya3/ros2_ws/src/study_pkg/install/study_pkg/lib/python3.12/site-packages/study_pkg/__pycache__/first_node.cpython-312.pyc
/home/ilya3/ros2_ws/src/study_pkg/install/study_pkg/lib/python3.12/site-packages/study_pkg/__pycache__/listener.cpython-312.pyc
/home/ilya3/ros2_ws/src/study_pkg/install/study_pkg/lib/python3.12/site-packages/study_pkg/__pycache__/time_printer.cpython-312.pyc
/home/ilya3/ros2_ws/src/study_pkg/install/study_pkg/lib/python3.12/site-packages/study_pkg/__pycache__/__init__.cpython-312.pyc
/home/ilya3/ros2_ws/src/study_pkg/install/study_pkg/lib/python3.12/site-packages/study_pkg/__pycache__/talker.cpython-312.pyc
/home/ilya3/ros2_ws/src/study_pkg/install/study_pkg/share/ament_index/resource_index/packages/study_pkg
/home/ilya3/ros2_ws/src/study_pkg/install/study_pkg/share/study_pkg/package.xml
/home/ilya3/ros2_ws/src/study_pkg/install/study_pkg/lib/python3.12/site-packages/study_pkg-0.0.0-py3.12.egg-info/SOURCES.txt
/home/ilya3/ros2_ws/src/study_pkg/install/study_pkg/lib/python3.12/site-packages/study_pkg-0.0.0-py3.12.egg-info/zip-safe
/home/ilya3/ros2_ws/src/study_pkg/install/study_pkg/lib/python3.12/site-packages/study_pkg-0.0.0-py3.12.egg-info/top_level.txt
/home/ilya3/ros2_ws/src/study_pkg/install/study_pkg/lib/python3.12/site-packages/study_pkg-0.0.0-py3.12.egg-info/PKG-INFO
/home/ilya3/ros2_ws/src/study_pkg/install/study_pkg/lib/python3.12/site-packages/study_pkg-0.0.0-py3.12.egg-info/dependency_links.txt
/home/ilya3/ros2_ws/src/study_pkg/install/study_pkg/lib/python3.12/site-packages/study_pkg-0.0.0-py3.12.egg-info/requires.txt
/home/ilya3/ros2_ws/src/study_pkg/install/study_pkg/lib/python3.12/site-packages/study_pkg-0.0.0-py3.12.egg-info/entry_points.txt
/home/ilya3/ros2_ws/src/study_pkg/install/study_pkg/lib/study_pkg/even_number_publisher
/home/ilya3/ros2_ws/src/study_pkg/install/study_pkg/lib/study_pkg/first_node
/home/ilya3/ros2_ws/src/study_pkg/install/study_pkg/lib/study_pkg/listener
/home/ilya3/ros2_ws/src/study_pkg/install/study_pkg/lib/study_pkg/overflow_listener
/home/ilya3/ros2_ws/src/study_pkg/install/study_pkg/lib/study_pkg/talker
/home/ilya3/ros2_ws/src/study_pkg/install/study_pkg/lib/study_pkg/time_printer
